mode: set
lokasani/features/services/admin.go:29.72,31.2 1 0
lokasani/features/services/admin.go:33.94,34.21 1 0
lokasani/features/services/admin.go:34.21,36.3 1 0
lokasani/features/services/admin.go:37.2,37.22 1 0
lokasani/features/services/admin.go:37.22,39.3 1 0
lokasani/features/services/admin.go:40.2,40.25 1 0
lokasani/features/services/admin.go:40.25,42.3 1 0
lokasani/features/services/admin.go:43.2,43.28 1 0
lokasani/features/services/admin.go:43.28,45.3 1 0
lokasani/features/services/admin.go:46.2,47.16 2 0
lokasani/features/services/admin.go:47.16,49.3 1 0
lokasani/features/services/admin.go:51.2,53.16 3 0
lokasani/features/services/admin.go:53.16,55.3 1 0
lokasani/features/services/admin.go:56.2,58.16 2 0
lokasani/features/services/admin.go:58.16,60.3 1 0
lokasani/features/services/admin.go:61.2,62.17 2 0
lokasani/features/services/admin.go:65.91,66.22 1 0
lokasani/features/services/admin.go:66.22,68.3 1 0
lokasani/features/services/admin.go:68.8,68.32 1 0
lokasani/features/services/admin.go:68.32,70.3 1 0
lokasani/features/services/admin.go:72.2,73.16 2 0
lokasani/features/services/admin.go:73.16,75.3 1 0
lokasani/features/services/admin.go:77.2,79.16 2 0
lokasani/features/services/admin.go:79.16,81.3 1 0
lokasani/features/services/admin.go:82.2,83.17 2 0
lokasani/features/services/admin.go:86.112,88.16 2 0
lokasani/features/services/admin.go:88.16,90.3 1 0
lokasani/features/services/admin.go:91.2,91.27 1 0
lokasani/features/services/admin.go:94.74,95.14 1 0
lokasani/features/services/admin.go:95.14,97.3 1 0
lokasani/features/services/admin.go:98.2,99.16 2 0
lokasani/features/services/admin.go:99.16,101.3 1 0
lokasani/features/services/admin.go:102.2,102.17 1 0
lokasani/features/services/admin.go:105.102,106.14 1 0
lokasani/features/services/admin.go:106.14,108.3 1 0
lokasani/features/services/admin.go:109.2,110.16 2 0
lokasani/features/services/admin.go:110.16,112.3 1 0
lokasani/features/services/admin.go:113.2,113.17 1 0
lokasani/features/services/admin.go:116.77,117.14 1 0
lokasani/features/services/admin.go:117.14,119.3 1 0
lokasani/features/services/admin.go:120.2,122.16 2 0
lokasani/features/services/admin.go:122.16,124.3 1 0
lokasani/features/services/admin.go:126.2,126.17 1 0
lokasani/features/services/admin.go:129.92,131.18 2 0
lokasani/features/services/admin.go:131.18,133.3 1 0
lokasani/features/services/admin.go:135.2,137.24 2 0
lokasani/features/services/admin.go:137.24,139.3 1 0
lokasani/features/services/admin.go:141.2,141.26 1 0
lokasani/features/services/admin.go:144.68,145.28 1 0
lokasani/features/services/admin.go:145.28,147.3 1 0
lokasani/features/services/admin.go:148.2,148.17 1 0
lokasani/features/services/admin.go:151.58,152.21 1 0
lokasani/features/services/admin.go:152.21,154.3 1 0
lokasani/features/services/admin.go:155.2,155.10 1 0
lokasani/features/services/article.go:27.78,29.2 1 1
lokasani/features/services/article.go:31.90,32.22 1 1
lokasani/features/services/article.go:32.22,34.3 1 1
lokasani/features/services/article.go:35.2,35.23 1 1
lokasani/features/services/article.go:35.23,37.3 1 1
lokasani/features/services/article.go:39.2,40.16 2 1
lokasani/features/services/article.go:40.16,42.3 1 1
lokasani/features/services/article.go:44.2,44.17 1 1
lokasani/features/services/article.go:47.118,49.16 2 1
lokasani/features/services/article.go:49.16,51.3 1 1
lokasani/features/services/article.go:52.2,52.27 1 1
lokasani/features/services/article.go:55.113,57.16 2 1
lokasani/features/services/article.go:57.16,59.3 1 1
lokasani/features/services/article.go:60.2,60.27 1 1
lokasani/features/services/article.go:63.75,64.14 1 1
lokasani/features/services/article.go:64.14,66.3 1 1
lokasani/features/services/article.go:68.2,69.16 2 1
lokasani/features/services/article.go:69.16,71.3 1 1
lokasani/features/services/article.go:72.2,72.17 1 1
lokasani/features/services/article.go:75.101,76.14 1 1
lokasani/features/services/article.go:76.14,78.3 1 1
lokasani/features/services/article.go:80.2,81.16 2 1
lokasani/features/services/article.go:81.16,83.3 1 1
lokasani/features/services/article.go:84.2,84.17 1 1
lokasani/features/services/article.go:87.78,88.14 1 1
lokasani/features/services/article.go:88.14,90.3 1 1
lokasani/features/services/article.go:92.2,93.16 2 1
lokasani/features/services/article.go:93.16,95.3 1 1
lokasani/features/services/article.go:96.2,96.17 1 1
lokasani/features/services/article.go:99.94,101.18 2 0
lokasani/features/services/article.go:101.18,103.3 1 0
lokasani/features/services/article.go:105.2,107.24 2 0
lokasani/features/services/article.go:107.24,109.3 1 0
lokasani/features/services/article.go:111.2,111.26 1 0
lokasani/features/services/article.go:114.70,115.28 1 0
lokasani/features/services/article.go:115.28,117.3 1 0
lokasani/features/services/article.go:118.2,118.17 1 0
lokasani/features/services/article.go:121.60,122.21 1 0
lokasani/features/services/article.go:122.21,124.3 1 0
lokasani/features/services/article.go:125.2,125.10 1 0
lokasani/features/services/category.go:22.81,24.2 1 0
lokasani/features/services/category.go:26.94,27.25 1 0
lokasani/features/services/category.go:27.25,29.3 1 0
lokasani/features/services/category.go:29.8,29.28 1 0
lokasani/features/services/category.go:29.28,31.3 1 0
lokasani/features/services/category.go:33.2,34.16 2 0
lokasani/features/services/category.go:34.16,36.3 1 0
lokasani/features/services/category.go:37.2,37.17 1 0
lokasani/features/services/category.go:40.91,42.16 2 0
lokasani/features/services/category.go:42.16,44.3 1 0
lokasani/features/services/category.go:45.2,45.17 1 0
lokasani/features/services/category.go:48.78,49.14 1 0
lokasani/features/services/category.go:49.14,51.3 1 0
lokasani/features/services/category.go:53.2,54.16 2 0
lokasani/features/services/category.go:54.16,56.3 1 0
lokasani/features/services/category.go:57.2,57.17 1 0
lokasani/features/services/category.go:60.105,61.14 1 0
lokasani/features/services/category.go:61.14,63.3 1 0
lokasani/features/services/category.go:65.2,66.16 2 0
lokasani/features/services/category.go:66.16,68.3 1 0
lokasani/features/services/category.go:69.2,69.17 1 0
lokasani/features/services/category.go:72.81,73.14 1 0
lokasani/features/services/category.go:73.14,75.3 1 0
lokasani/features/services/category.go:77.2,78.16 2 0
lokasani/features/services/category.go:78.16,80.3 1 0
lokasani/features/services/category.go:81.2,81.17 1 0
lokasani/features/services/chatbot.go:21.63,23.2 1 0
lokasani/features/services/chatbot.go:25.106,40.15 5 0
lokasani/features/services/chatbot.go:40.15,46.17 3 0
lokasani/features/services/chatbot.go:46.17,47.12 1 0
lokasani/features/services/chatbot.go:49.3,50.63 2 0
lokasani/features/services/chatbot.go:52.2,52.17 1 0
lokasani/features/services/comment.go:22.77,24.2 1 0
lokasani/features/services/comment.go:26.90,27.24 1 0
lokasani/features/services/comment.go:27.24,29.3 1 0
lokasani/features/services/comment.go:31.2,32.16 2 0
lokasani/features/services/comment.go:32.16,34.3 1 0
lokasani/features/services/comment.go:35.2,35.17 1 0
lokasani/features/services/comment.go:39.71,41.16 2 0
lokasani/features/services/comment.go:41.16,43.3 1 0
lokasani/features/services/comment.go:44.2,44.17 1 0
lokasani/features/services/comment.go:47.75,48.14 1 0
lokasani/features/services/comment.go:48.14,50.3 1 0
lokasani/features/services/comment.go:51.2,52.16 2 0
lokasani/features/services/comment.go:52.16,54.3 1 0
lokasani/features/services/comment.go:55.2,55.17 1 0
lokasani/features/services/comment.go:58.101,59.14 1 0
lokasani/features/services/comment.go:59.14,61.3 1 0
lokasani/features/services/comment.go:63.2,64.16 2 0
lokasani/features/services/comment.go:64.16,66.3 1 0
lokasani/features/services/comment.go:67.2,67.17 1 0
lokasani/features/services/comment.go:70.78,71.14 1 0
lokasani/features/services/comment.go:71.14,73.3 1 0
lokasani/features/services/comment.go:75.2,76.16 2 0
lokasani/features/services/comment.go:76.16,78.3 1 0
lokasani/features/services/comment.go:79.2,79.17 1 0
lokasani/features/services/creator.go:22.78,24.2 1 0
lokasani/features/services/creator.go:26.90,27.22 1 0
lokasani/features/services/creator.go:27.22,29.3 1 0
lokasani/features/services/creator.go:30.2,30.28 1 0
lokasani/features/services/creator.go:30.28,32.3 1 0
lokasani/features/services/creator.go:33.2,33.27 1 0
lokasani/features/services/creator.go:33.27,35.3 1 0
lokasani/features/services/creator.go:37.2,38.16 2 0
lokasani/features/services/creator.go:38.16,40.3 1 0
lokasani/features/services/creator.go:42.2,42.17 1 0
lokasani/features/services/creator.go:45.89,47.16 2 0
lokasani/features/services/creator.go:47.16,49.3 1 0
lokasani/features/services/creator.go:50.2,50.17 1 0
lokasani/features/services/creator.go:53.76,54.14 1 0
lokasani/features/services/creator.go:54.14,56.3 1 0
lokasani/features/services/creator.go:57.2,58.16 2 0
lokasani/features/services/creator.go:58.16,60.3 1 0
lokasani/features/services/creator.go:61.2,61.17 1 0
lokasani/features/services/creator.go:64.100,65.14 1 0
lokasani/features/services/creator.go:65.14,67.3 1 0
lokasani/features/services/creator.go:68.2,69.16 2 0
lokasani/features/services/creator.go:69.16,71.3 1 0
lokasani/features/services/creator.go:72.2,72.17 1 0
lokasani/features/services/creator.go:75.78,76.14 1 0
lokasani/features/services/creator.go:76.14,78.3 1 0
lokasani/features/services/creator.go:79.2,81.16 2 0
lokasani/features/services/creator.go:81.16,83.3 1 0
lokasani/features/services/creator.go:85.2,85.17 1 0
lokasani/features/services/event.go:26.72,28.2 1 0
lokasani/features/services/event.go:30.82,31.26 1 0
lokasani/features/services/event.go:31.26,33.3 1 0
lokasani/features/services/event.go:34.2,34.33 1 0
lokasani/features/services/event.go:34.33,36.3 1 0
lokasani/features/services/event.go:37.2,37.52 1 0
lokasani/features/services/event.go:37.52,39.3 1 0
lokasani/features/services/event.go:41.2,42.16 2 0
lokasani/features/services/event.go:42.16,44.3 1 0
lokasani/features/services/event.go:45.2,45.17 1 0
lokasani/features/services/event.go:48.127,50.16 2 0
lokasani/features/services/event.go:50.16,52.3 1 0
lokasani/features/services/event.go:53.2,53.27 1 0
lokasani/features/services/event.go:56.69,57.14 1 0
lokasani/features/services/event.go:57.14,59.3 1 0
lokasani/features/services/event.go:60.2,61.16 2 0
lokasani/features/services/event.go:61.16,63.3 1 0
lokasani/features/services/event.go:64.2,64.17 1 0
lokasani/features/services/event.go:67.93,68.14 1 0
lokasani/features/services/event.go:68.14,70.3 1 0
lokasani/features/services/event.go:71.2,72.16 2 0
lokasani/features/services/event.go:72.16,74.3 1 0
lokasani/features/services/event.go:75.2,75.17 1 0
lokasani/features/services/event.go:78.72,79.14 1 0
lokasani/features/services/event.go:79.14,81.3 1 0
lokasani/features/services/event.go:82.2,83.16 2 0
lokasani/features/services/event.go:83.16,85.3 1 0
lokasani/features/services/event.go:86.2,86.17 1 0
lokasani/features/services/event.go:89.92,91.18 2 0
lokasani/features/services/event.go:91.18,93.3 1 0
lokasani/features/services/event.go:95.2,97.24 2 0
lokasani/features/services/event.go:97.24,99.3 1 0
lokasani/features/services/event.go:101.2,101.26 1 0
lokasani/features/services/event.go:104.68,105.28 1 0
lokasani/features/services/event.go:105.28,107.3 1 0
lokasani/features/services/event.go:108.2,108.17 1 0
lokasani/features/services/event.go:111.58,112.21 1 0
lokasani/features/services/event.go:112.21,114.3 1 0
lokasani/features/services/event.go:115.2,115.10 1 0
lokasani/features/services/files.go:22.72,24.2 1 0
lokasani/features/services/files.go:26.82,27.22 1 0
lokasani/features/services/files.go:27.22,29.3 1 0
lokasani/features/services/files.go:30.2,30.48 1 0
lokasani/features/services/files.go:30.48,32.3 1 0
lokasani/features/services/files.go:34.2,35.16 2 0
lokasani/features/services/files.go:35.16,37.3 1 0
lokasani/features/services/files.go:38.2,38.17 1 0
lokasani/features/services/files.go:41.82,43.16 2 0
lokasani/features/services/files.go:43.16,45.3 1 0
lokasani/features/services/files.go:46.2,46.17 1 0
lokasani/features/services/files.go:49.69,50.14 1 0
lokasani/features/services/files.go:50.14,52.3 1 0
lokasani/features/services/files.go:53.2,54.16 2 0
lokasani/features/services/files.go:54.16,56.3 1 0
lokasani/features/services/files.go:57.2,57.17 1 0
lokasani/features/services/files.go:60.93,61.14 1 0
lokasani/features/services/files.go:61.14,63.3 1 0
lokasani/features/services/files.go:64.2,65.16 2 0
lokasani/features/services/files.go:65.16,67.3 1 0
lokasani/features/services/files.go:68.2,68.17 1 0
lokasani/features/services/files.go:71.72,72.14 1 0
lokasani/features/services/files.go:72.14,74.3 1 0
lokasani/features/services/files.go:75.2,76.16 2 0
lokasani/features/services/files.go:76.16,78.3 1 0
lokasani/features/services/files.go:79.2,79.17 1 0
lokasani/features/services/guest.go:22.72,24.2 1 0
lokasani/features/services/guest.go:26.82,27.21 1 0
lokasani/features/services/guest.go:27.21,29.3 1 0
lokasani/features/services/guest.go:30.2,30.21 1 0
lokasani/features/services/guest.go:30.21,32.3 1 0
lokasani/features/services/guest.go:34.2,35.16 2 0
lokasani/features/services/guest.go:35.16,37.3 1 0
lokasani/features/services/guest.go:38.2,38.17 1 0
lokasani/features/services/guest.go:41.82,43.16 2 0
lokasani/features/services/guest.go:43.16,45.3 1 0
lokasani/features/services/guest.go:46.2,46.17 1 0
lokasani/features/services/guest.go:49.69,50.14 1 0
lokasani/features/services/guest.go:50.14,52.3 1 0
lokasani/features/services/guest.go:53.2,54.16 2 0
lokasani/features/services/guest.go:54.16,56.3 1 0
lokasani/features/services/guest.go:57.2,57.17 1 0
lokasani/features/services/guest.go:60.93,61.14 1 0
lokasani/features/services/guest.go:61.14,63.3 1 0
lokasani/features/services/guest.go:64.2,65.16 2 0
lokasani/features/services/guest.go:65.16,67.3 1 0
lokasani/features/services/guest.go:68.2,68.17 1 0
lokasani/features/services/guest.go:71.72,72.14 1 0
lokasani/features/services/guest.go:72.14,74.3 1 0
lokasani/features/services/guest.go:75.2,76.16 2 0
lokasani/features/services/guest.go:76.16,78.3 1 0
lokasani/features/services/guest.go:79.2,79.17 1 0
lokasani/features/services/like.go:19.69,21.2 1 0
lokasani/features/services/like.go:23.77,25.16 2 0
lokasani/features/services/like.go:25.16,27.3 1 0
lokasani/features/services/like.go:28.2,28.17 1 0
lokasani/features/services/like.go:31.78,32.25 1 0
lokasani/features/services/like.go:32.25,34.3 1 0
lokasani/features/services/like.go:35.2,35.23 1 0
lokasani/features/services/like.go:35.23,37.3 1 0
lokasani/features/services/like.go:38.2,38.27 1 0
lokasani/features/services/like.go:38.27,40.3 1 0
lokasani/features/services/like.go:42.2,43.16 2 0
lokasani/features/services/like.go:43.16,45.3 1 0
lokasani/features/services/like.go:46.2,46.17 1 0
lokasani/features/services/payment.go:22.78,24.2 1 1
lokasani/features/services/payment.go:26.90,27.21 1 1
lokasani/features/services/payment.go:27.21,29.3 1 1
lokasani/features/services/payment.go:31.2,32.16 2 1
lokasani/features/services/payment.go:32.16,34.3 1 1
lokasani/features/services/payment.go:35.2,35.17 1 1
lokasani/features/services/payment.go:38.71,40.16 2 1
lokasani/features/services/payment.go:40.16,42.3 1 1
lokasani/features/services/payment.go:43.2,43.17 1 1
lokasani/features/services/payment.go:46.75,47.14 1 1
lokasani/features/services/payment.go:47.14,49.3 1 1
lokasani/features/services/payment.go:51.2,52.16 2 1
lokasani/features/services/payment.go:52.16,54.3 1 1
lokasani/features/services/payment.go:55.2,55.17 1 1
lokasani/features/services/payment.go:58.101,59.14 1 1
lokasani/features/services/payment.go:59.14,61.3 1 1
lokasani/features/services/payment.go:62.2,63.16 2 1
lokasani/features/services/payment.go:63.16,65.3 1 1
lokasani/features/services/payment.go:66.2,66.17 1 1
lokasani/features/services/payment.go:69.78,70.14 1 1
lokasani/features/services/payment.go:70.14,72.3 1 1
lokasani/features/services/payment.go:74.2,75.16 2 1
lokasani/features/services/payment.go:75.16,77.3 1 1
lokasani/features/services/payment.go:78.2,78.17 1 1
lokasani/features/services/product.go:33.132,35.2 1 0
lokasani/features/services/product.go:37.92,39.22 2 0
lokasani/features/services/product.go:39.22,45.17 4 0
lokasani/features/services/product.go:45.17,47.4 1 0
lokasani/features/services/product.go:48.3,49.35 2 0
lokasani/features/services/product.go:49.35,57.18 8 0
lokasani/features/services/product.go:57.18,59.5 1 0
lokasani/features/services/product.go:60.4,63.32 4 0
lokasani/features/services/product.go:65.8,67.17 2 0
lokasani/features/services/product.go:67.17,69.4 1 0
lokasani/features/services/product.go:70.3,71.17 2 0
lokasani/features/services/product.go:71.17,73.4 1 0
lokasani/features/services/product.go:74.3,74.31 1 0
lokasani/features/services/product.go:77.2,77.20 1 0
lokasani/features/services/product.go:80.63,82.16 2 0
lokasani/features/services/product.go:82.16,84.3 1 0
lokasani/features/services/product.go:85.2,85.18 1 0
lokasani/features/services/product.go:88.45,89.21 1 0
lokasani/features/services/product.go:89.21,91.3 1 0
lokasani/features/services/product.go:92.2,92.21 1 0
lokasani/features/services/product.go:92.21,94.3 1 0
lokasani/features/services/product.go:95.2,95.28 1 0
lokasani/features/services/product.go:95.28,97.3 1 0
lokasani/features/services/product.go:98.2,98.23 1 0
lokasani/features/services/product.go:98.23,100.3 1 0
lokasani/features/services/product.go:101.2,101.12 1 0
lokasani/features/services/product.go:104.113,106.19 2 0
lokasani/features/services/product.go:106.19,108.6 1 0
lokasani/features/services/product.go:109.5,109.30 1 0
lokasani/features/services/product.go:112.119,114.19 2 0
lokasani/features/services/product.go:114.19,116.6 1 0
lokasani/features/services/product.go:117.5,117.30 1 0
lokasani/features/services/product.go:121.75,122.14 1 0
lokasani/features/services/product.go:122.14,124.3 1 0
lokasani/features/services/product.go:125.2,126.16 2 0
lokasani/features/services/product.go:126.16,128.3 1 0
lokasani/features/services/product.go:129.2,129.17 1 0
lokasani/features/services/product.go:132.101,133.14 1 0
lokasani/features/services/product.go:133.14,135.3 1 0
lokasani/features/services/product.go:136.2,137.16 2 0
lokasani/features/services/product.go:137.16,139.3 1 0
lokasani/features/services/product.go:140.2,140.17 1 0
lokasani/features/services/product.go:143.78,144.14 1 0
lokasani/features/services/product.go:144.14,146.3 1 0
lokasani/features/services/product.go:147.2,148.16 2 0
lokasani/features/services/product.go:148.16,150.3 1 0
lokasani/features/services/product.go:151.2,151.17 1 0
lokasani/features/services/product.go:154.94,156.18 2 0
lokasani/features/services/product.go:156.18,158.3 1 0
lokasani/features/services/product.go:160.2,162.24 2 0
lokasani/features/services/product.go:162.24,164.3 1 0
lokasani/features/services/product.go:166.2,166.26 1 0
lokasani/features/services/product.go:169.70,170.28 1 0
lokasani/features/services/product.go:170.28,172.3 1 0
lokasani/features/services/product.go:173.2,173.17 1 0
lokasani/features/services/product.go:176.60,177.21 1 0
lokasani/features/services/product.go:177.21,179.3 1 0
lokasani/features/services/product.go:180.2,180.10 1 0
lokasani/features/services/rating.go:22.75,24.2 1 0
lokasani/features/services/rating.go:26.86,27.22 1 0
lokasani/features/services/rating.go:27.22,29.3 1 0
lokasani/features/services/rating.go:30.2,30.23 1 0
lokasani/features/services/rating.go:30.23,32.3 1 0
lokasani/features/services/rating.go:34.2,35.16 2 0
lokasani/features/services/rating.go:35.16,37.3 1 0
lokasani/features/services/rating.go:38.2,38.17 1 0
lokasani/features/services/rating.go:41.85,43.16 2 0
lokasani/features/services/rating.go:43.16,45.3 1 0
lokasani/features/services/rating.go:46.2,46.17 1 0
lokasani/features/services/rating.go:49.72,50.14 1 0
lokasani/features/services/rating.go:50.14,52.3 1 0
lokasani/features/services/rating.go:53.2,54.16 2 0
lokasani/features/services/rating.go:54.16,56.3 1 0
lokasani/features/services/rating.go:57.2,57.17 1 0
lokasani/features/services/rating.go:60.97,61.14 1 0
lokasani/features/services/rating.go:61.14,63.3 1 0
lokasani/features/services/rating.go:64.2,65.16 2 0
lokasani/features/services/rating.go:65.16,67.3 1 0
lokasani/features/services/rating.go:68.2,68.17 1 0
lokasani/features/services/rating.go:71.75,72.14 1 0
lokasani/features/services/rating.go:72.14,74.3 1 0
lokasani/features/services/rating.go:75.2,76.16 2 0
lokasani/features/services/rating.go:76.16,78.3 1 0
lokasani/features/services/rating.go:79.2,79.17 1 0
lokasani/features/services/role.go:22.69,24.2 1 0
lokasani/features/services/role.go:26.78,27.21 1 0
lokasani/features/services/role.go:27.21,29.3 1 0
lokasani/features/services/role.go:31.2,32.16 2 0
lokasani/features/services/role.go:32.16,34.3 1 0
lokasani/features/services/role.go:36.2,36.17 1 0
lokasani/features/services/role.go:39.79,41.16 2 0
lokasani/features/services/role.go:41.16,43.3 1 0
lokasani/features/services/role.go:44.2,44.17 1 0
lokasani/features/services/role.go:47.66,48.14 1 0
lokasani/features/services/role.go:48.14,50.3 1 0
lokasani/features/services/role.go:51.2,52.16 2 0
lokasani/features/services/role.go:52.16,54.3 1 0
lokasani/features/services/role.go:55.2,55.17 1 0
lokasani/features/services/role.go:58.88,59.14 1 0
lokasani/features/services/role.go:59.14,61.3 1 0
lokasani/features/services/role.go:62.2,63.16 2 0
lokasani/features/services/role.go:63.16,65.3 1 0
lokasani/features/services/role.go:66.2,66.17 1 0
lokasani/features/services/role.go:69.69,70.14 1 0
lokasani/features/services/role.go:70.14,72.3 1 0
lokasani/features/services/role.go:73.2,75.16 2 0
lokasani/features/services/role.go:75.16,77.3 1 0
lokasani/features/services/role.go:79.2,79.17 1 0
lokasani/features/services/shipping.go:23.81,25.2 1 0
lokasani/features/services/shipping.go:27.101,28.21 1 0
lokasani/features/services/shipping.go:28.21,30.3 1 0
lokasani/features/services/shipping.go:32.2,33.16 2 0
lokasani/features/services/shipping.go:33.16,35.3 1 0
lokasani/features/services/shipping.go:37.2,37.17 1 0
lokasani/features/services/shipping.go:40.75,42.16 2 0
lokasani/features/services/shipping.go:42.16,44.3 1 0
lokasani/features/services/shipping.go:45.2,45.17 1 0
lokasani/features/services/shipping.go:48.79,49.14 1 0
lokasani/features/services/shipping.go:49.14,51.3 1 0
lokasani/features/services/shipping.go:52.2,53.16 2 0
lokasani/features/services/shipping.go:53.16,55.3 1 0
lokasani/features/services/shipping.go:56.2,56.17 1 0
lokasani/features/services/shipping.go:59.105,60.14 1 0
lokasani/features/services/shipping.go:60.14,62.3 1 0
lokasani/features/services/shipping.go:63.2,64.16 2 0
lokasani/features/services/shipping.go:64.16,66.3 1 0
lokasani/features/services/shipping.go:67.2,67.17 1 0
lokasani/features/services/shipping.go:70.82,71.14 1 0
lokasani/features/services/shipping.go:71.14,73.3 1 0
lokasani/features/services/shipping.go:74.2,75.16 2 0
lokasani/features/services/shipping.go:75.16,77.3 1 0
lokasani/features/services/shipping.go:78.2,78.17 1 0
lokasani/features/services/ticket.go:22.75,24.2 1 0
lokasani/features/services/ticket.go:26.86,27.21 1 0
lokasani/features/services/ticket.go:27.21,29.3 1 0
lokasani/features/services/ticket.go:30.2,30.21 1 0
lokasani/features/services/ticket.go:30.21,32.3 1 0
lokasani/features/services/ticket.go:33.2,33.54 1 0
lokasani/features/services/ticket.go:33.54,35.3 1 0
lokasani/features/services/ticket.go:36.2,36.19 1 0
lokasani/features/services/ticket.go:36.19,38.3 1 0
lokasani/features/services/ticket.go:39.2,39.21 1 0
lokasani/features/services/ticket.go:39.21,41.3 1 0
lokasani/features/services/ticket.go:42.2,42.28 1 0
lokasani/features/services/ticket.go:42.28,44.3 1 0
lokasani/features/services/ticket.go:46.2,47.16 2 0
lokasani/features/services/ticket.go:47.16,49.3 1 0
lokasani/features/services/ticket.go:50.2,50.17 1 0
lokasani/features/services/ticket.go:53.85,55.16 2 0
lokasani/features/services/ticket.go:55.16,57.3 1 0
lokasani/features/services/ticket.go:58.2,58.17 1 0
lokasani/features/services/ticket.go:61.72,62.14 1 0
lokasani/features/services/ticket.go:62.14,64.3 1 0
lokasani/features/services/ticket.go:65.2,66.16 2 0
lokasani/features/services/ticket.go:66.16,68.3 1 0
lokasani/features/services/ticket.go:69.2,69.17 1 0
lokasani/features/services/ticket.go:72.97,73.14 1 0
lokasani/features/services/ticket.go:73.14,75.3 1 0
lokasani/features/services/ticket.go:76.2,77.16 2 0
lokasani/features/services/ticket.go:77.16,79.3 1 0
lokasani/features/services/ticket.go:80.2,80.17 1 0
lokasani/features/services/ticket.go:83.75,84.14 1 0
lokasani/features/services/ticket.go:84.14,86.3 1 0
lokasani/features/services/ticket.go:87.2,88.16 2 0
lokasani/features/services/ticket.go:88.16,90.3 1 0
lokasani/features/services/ticket.go:91.2,91.17 1 0
lokasani/features/services/transaction.go:24.90,26.2 1 0
lokasani/features/services/transaction.go:28.106,29.35 1 0
lokasani/features/services/transaction.go:29.35,31.3 1 0
lokasani/features/services/transaction.go:33.2,34.16 2 0
lokasani/features/services/transaction.go:34.16,36.3 1 0
lokasani/features/services/transaction.go:49.2,52.17 3 0
lokasani/features/services/transaction.go:55.83,57.16 2 0
lokasani/features/services/transaction.go:57.16,59.3 1 0
lokasani/features/services/transaction.go:60.2,60.17 1 0
lokasani/features/services/transaction.go:63.87,64.14 1 0
lokasani/features/services/transaction.go:64.14,66.3 1 0
lokasani/features/services/transaction.go:67.2,68.16 2 0
lokasani/features/services/transaction.go:68.16,70.3 1 0
lokasani/features/services/transaction.go:71.2,71.17 1 0
lokasani/features/services/transaction.go:74.116,75.14 1 0
lokasani/features/services/transaction.go:75.14,77.3 1 0
lokasani/features/services/transaction.go:78.2,79.16 2 0
lokasani/features/services/transaction.go:79.16,81.3 1 0
lokasani/features/services/transaction.go:82.2,83.40 2 0
lokasani/features/services/transaction.go:83.40,86.17 3 0
lokasani/features/services/transaction.go:86.17,88.4 1 0
lokasani/features/services/transaction.go:89.3,89.62 1 0
lokasani/features/services/transaction.go:91.2,92.17 2 0
lokasani/features/services/transaction.go:95.90,96.14 1 0
lokasani/features/services/transaction.go:96.14,98.3 1 0
lokasani/features/services/transaction.go:99.2,101.16 2 0
lokasani/features/services/transaction.go:101.16,103.3 1 0
lokasani/features/services/transaction.go:105.2,105.17 1 0
lokasani/features/services/transactionDetail.go:22.108,24.2 1 0
lokasani/features/services/transactionDetail.go:26.131,29.16 2 0
lokasani/features/services/transactionDetail.go:29.16,31.3 1 0
lokasani/features/services/transactionDetail.go:32.2,32.17 1 0
lokasani/features/services/transactionDetail.go:35.102,37.16 2 0
lokasani/features/services/transactionDetail.go:37.16,39.3 1 0
lokasani/features/services/transactionDetail.go:40.2,40.17 1 0
lokasani/features/services/transactionDetail.go:43.106,44.14 1 0
lokasani/features/services/transactionDetail.go:44.14,46.3 1 0
lokasani/features/services/transactionDetail.go:47.2,48.16 2 0
lokasani/features/services/transactionDetail.go:48.16,50.3 1 0
lokasani/features/services/transactionDetail.go:51.2,51.17 1 0
lokasani/features/services/transactionDetail.go:54.142,55.14 1 0
lokasani/features/services/transactionDetail.go:55.14,57.3 1 0
lokasani/features/services/transactionDetail.go:58.2,59.16 2 0
lokasani/features/services/transactionDetail.go:59.16,61.3 1 0
lokasani/features/services/transactionDetail.go:62.2,62.17 1 0
lokasani/features/services/transactionDetail.go:65.109,66.14 1 0
lokasani/features/services/transactionDetail.go:66.14,68.3 1 0
lokasani/features/services/transactionDetail.go:69.2,70.16 2 0
lokasani/features/services/transactionDetail.go:70.16,72.3 1 0
lokasani/features/services/transactionDetail.go:73.2,73.17 1 0
lokasani/features/services/user.go:29.69,31.2 1 0
lokasani/features/services/user.go:33.79,34.26 1 0
lokasani/features/services/user.go:34.26,36.3 1 0
lokasani/features/services/user.go:37.2,37.25 1 0
lokasani/features/services/user.go:37.25,39.3 1 0
lokasani/features/services/user.go:40.2,40.22 1 0
lokasani/features/services/user.go:40.22,42.3 1 0
lokasani/features/services/user.go:43.2,43.28 1 0
lokasani/features/services/user.go:43.28,45.3 1 0
lokasani/features/services/user.go:47.2,48.16 2 0
lokasani/features/services/user.go:48.16,50.3 1 0
lokasani/features/services/user.go:52.2,54.16 3 0
lokasani/features/services/user.go:54.16,56.3 1 0
lokasani/features/services/user.go:58.2,59.16 2 0
lokasani/features/services/user.go:59.16,61.3 1 0
lokasani/features/services/user.go:63.2,64.17 2 0
lokasani/features/services/user.go:67.76,68.22 1 0
lokasani/features/services/user.go:68.22,70.3 1 0
lokasani/features/services/user.go:70.8,70.32 1 0
lokasani/features/services/user.go:70.32,72.3 1 0
lokasani/features/services/user.go:74.2,75.16 2 0
lokasani/features/services/user.go:75.16,77.3 1 0
lokasani/features/services/user.go:79.2,80.16 2 0
lokasani/features/services/user.go:80.16,82.3 1 0
lokasani/features/services/user.go:84.2,85.17 2 0
lokasani/features/services/user.go:88.103,90.16 2 0
lokasani/features/services/user.go:90.16,92.3 1 0
lokasani/features/services/user.go:93.2,93.27 1 0
lokasani/features/services/user.go:96.65,97.14 1 0
lokasani/features/services/user.go:97.14,99.3 1 0
lokasani/features/services/user.go:101.2,102.16 2 0
lokasani/features/services/user.go:102.16,104.3 1 0
lokasani/features/services/user.go:105.2,105.17 1 0
lokasani/features/services/user.go:108.87,109.14 1 0
lokasani/features/services/user.go:109.14,111.3 1 0
lokasani/features/services/user.go:113.2,114.16 2 0
lokasani/features/services/user.go:114.16,116.3 1 0
lokasani/features/services/user.go:117.2,117.17 1 0
lokasani/features/services/user.go:120.68,121.14 1 0
lokasani/features/services/user.go:121.14,123.3 1 0
lokasani/features/services/user.go:125.2,126.16 2 0
lokasani/features/services/user.go:126.16,128.3 1 0
lokasani/features/services/user.go:129.2,129.17 1 0
lokasani/features/services/user.go:132.91,134.18 2 0
lokasani/features/services/user.go:134.18,136.3 1 0
lokasani/features/services/user.go:138.2,140.24 2 0
lokasani/features/services/user.go:140.24,142.3 1 0
lokasani/features/services/user.go:144.2,144.26 1 0
lokasani/features/services/user.go:147.67,148.28 1 0
lokasani/features/services/user.go:148.28,150.3 1 0
lokasani/features/services/user.go:151.2,151.17 1 0
lokasani/features/services/user.go:154.57,155.21 1 0
lokasani/features/services/user.go:155.21,157.3 1 0
lokasani/features/services/user.go:158.2,158.10 1 0
lokasani/features/services/wishlist.go:22.81,24.2 1 0
lokasani/features/services/wishlist.go:26.94,27.24 1 0
lokasani/features/services/wishlist.go:27.24,29.3 1 0
lokasani/features/services/wishlist.go:31.2,32.16 2 0
lokasani/features/services/wishlist.go:32.16,34.3 1 0
lokasani/features/services/wishlist.go:35.2,35.17 1 0
lokasani/features/services/wishlist.go:38.91,40.16 2 0
lokasani/features/services/wishlist.go:40.16,42.3 1 0
lokasani/features/services/wishlist.go:43.2,43.17 1 0
lokasani/features/services/wishlist.go:46.78,47.14 1 0
lokasani/features/services/wishlist.go:47.14,49.3 1 0
lokasani/features/services/wishlist.go:50.2,51.16 2 0
lokasani/features/services/wishlist.go:51.16,53.3 1 0
lokasani/features/services/wishlist.go:54.2,54.17 1 0
lokasani/features/services/wishlist.go:57.105,58.14 1 0
lokasani/features/services/wishlist.go:58.14,60.3 1 0
lokasani/features/services/wishlist.go:61.2,62.16 2 0
lokasani/features/services/wishlist.go:62.16,64.3 1 0
lokasani/features/services/wishlist.go:65.2,65.17 1 0
lokasani/features/services/wishlist.go:68.81,69.14 1 0
lokasani/features/services/wishlist.go:69.14,71.3 1 0
lokasani/features/services/wishlist.go:72.2,73.16 2 0
lokasani/features/services/wishlist.go:73.16,75.3 1 0
lokasani/features/services/wishlist.go:76.2,76.17 1 0
